[debug] [2022-10-29T13:32:06.779Z] ----------------------------------------------------------------------
[debug] [2022-10-29T13:32:06.781Z] Command:       C:\Program Files\nodejs\node.exe C:\Users\Yusuf\AppData\Roaming\npm\node_modules\firebase-tools\lib\bin\firebase.js init
[debug] [2022-10-29T13:32:06.781Z] CLI Version:   11.15.0
[debug] [2022-10-29T13:32:06.781Z] Platform:      win32
[debug] [2022-10-29T13:32:06.781Z] Node Version:  v16.15.1
[debug] [2022-10-29T13:32:06.782Z] Time:          Sat Oct 29 2022 15:32:06 GMT+0200 (Eastern European Standard Time)
[debug] [2022-10-29T13:32:06.782Z] ----------------------------------------------------------------------
[debug] 
[debug] [2022-10-29T13:32:06.789Z] > command requires scopes: ["email","openid","https://www.googleapis.com/auth/cloudplatformprojects.readonly","https://www.googleapis.com/auth/firebase","https://www.googleapis.com/auth/cloud-platform"]
[debug] [2022-10-29T13:32:06.790Z] > authorizing via signed-in user (youseefadel777@gmail.com)
[info] 
     ######## #### ########  ######## ########     ###     ######  ########
     ##        ##  ##     ## ##       ##     ##  ##   ##  ##       ##
     ######    ##  ########  ######   ########  #########  ######  ######
     ##        ##  ##    ##  ##       ##     ## ##     ##       ## ##
     ##       #### ##     ## ######## ########  ##     ##  ######  ########

You're about to initialize a Firebase project in this directory:

  C:\Users\Yusuf\Desktop\WorkingON\@Code\Portfolio\devfolio

[info] 
=== Project Setup
[info] 
[info] First, let's associate this project directory with a Firebase project.
[info] You can create multiple project aliases by running firebase use --add, 
[info] but for now we'll just set up a default project.
[info] 
[debug] [2022-10-29T13:32:21.508Z] >>> [apiv2][query] GET https://firebase.googleapis.com/v1beta1/projects pageSize=100
[debug] [2022-10-29T13:32:22.345Z] <<< [apiv2][status] GET https://firebase.googleapis.com/v1beta1/projects 200
[debug] [2022-10-29T13:32:22.346Z] <<< [apiv2][body] GET https://firebase.googleapis.com/v1beta1/projects [omitted]
[info] i  Using project devfolio-4ea8b (devfolio) 
[info] 
=== Hosting Setup
[info] 
[info] Your public directory is the folder (relative to your project directory) that
[info] will contain Hosting assets to be uploaded with firebase deploy. If you
[info] have a build process for your assets, use your build's output directory.
[info] 
[debug] [2022-10-29T13:32:46.892Z] >>> [apiv2][query] GET https://www.gstatic.com/firebasejs/releases.json [none]
[debug] [2022-10-29T13:32:47.322Z] <<< [apiv2][status] GET https://www.gstatic.com/firebasejs/releases.json 200
[debug] [2022-10-29T13:32:47.322Z] <<< [apiv2][body] GET https://www.gstatic.com/firebasejs/releases.json {"current":{"version":"9.13.0","browserURL":"https://www.gstatic.com/firebasejs/9.13.0/firebase.js","packageURL":"https://www.gstatic.com/firebasejs/9.13.0/firebase.tgz"},"live":{"version":"9.13","browserURL":"https://www.gstatic.com/firebasejs/live/9.13/firebase.js","packageURL":"https://www.gstatic.com/firebasejs/live/9.13/firebase.tgz"},"components":{"analytics":"https://www.gstatic.com/firebasejs/9.13.0/firebase-analytics.js","app":"https://www.gstatic.com/firebasejs/9.13.0/firebase-app.js","app-check":"https://www.gstatic.com/firebasejs/9.13.0/firebase-app-check.js","auth":"https://www.gstatic.com/firebasejs/9.13.0/firebase-auth.js","auth/cordova":"https://www.gstatic.com/firebasejs/9.13.0/firebase-auth/cordova.js","auth/react-native":"https://www.gstatic.com/firebasejs/9.13.0/firebase-auth/react-native.js","functions":"https://www.gstatic.com/firebasejs/9.13.0/firebase-functions.js","firestore":"https://www.gstatic.com/firebasejs/9.13.0/firebase-firestore.js","firestore/lite":"https://www.gstatic.com/firebasejs/9.13.0/firebase-firestore/lite.js","installations":"https://www.gstatic.com/firebasejs/9.13.0/firebase-installations.js","storage":"https://www.gstatic.com/firebasejs/9.13.0/firebase-storage.js","performance":"https://www.gstatic.com/firebasejs/9.13.0/firebase-performance.js","remote-config":"https://www.gstatic.com/firebasejs/9.13.0/firebase-remote-config.js","messaging":"https://www.gstatic.com/firebasejs/9.13.0/firebase-messaging.js","messaging/sw":"https://www.gstatic.com/firebasejs/9.13.0/firebase-messaging/sw.js","database":"https://www.gstatic.com/firebasejs/9.13.0/firebase-database.js","firestore.memory":"https://www.gstatic.com/firebasejs/9.13.0/firebase-firestore.memory.js"}}
[info] +  Wrote public/index.html 
[info] 
[info] i  Detected a .git folder at C:\Users\Yusuf\Desktop\WorkingON\@Code\Portfolio\devfolio 
[info] i  Authorizing with GitHub to upload your service account to a GitHub repository's secrets store. 
[info] 
[info] Visit this URL on this device to log in:
[info] https://github.com/login/oauth/authorize?client_id=89cf50f02ac6aaed3484&state=407246738&redirect_uri=http%3A%2F%2Flocalhost%3A9005&scope=read%3Auser%20repo%20public_repo
[info] 
[info] Waiting for authentication...
[debug] [2022-10-29T13:32:48.368Z] >>> [apiv2][query] POST https://github.com/login/oauth/access_token [none]
[debug] [2022-10-29T13:32:48.368Z] >>> [apiv2][body] POST https://github.com/login/oauth/access_token [stream]
[debug] [2022-10-29T13:32:49.066Z] <<< [apiv2][status] POST https://github.com/login/oauth/access_token 200
[debug] [2022-10-29T13:32:49.066Z] <<< [apiv2][body] POST https://github.com/login/oauth/access_token {"access_token":"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","token_type":"bearer","scope":"read:user,repo"}
[debug] [2022-10-29T13:32:49.074Z] >>> [apiv2][query] GET https://api.github.com/user [none]
[debug] [2022-10-29T13:32:49.783Z] <<< [apiv2][status] GET https://api.github.com/user 200
[debug] [2022-10-29T13:32:49.783Z] <<< [apiv2][body] GET https://api.github.com/user {"login":"yusufadell","id":72172663,"node_id":"MDQ6VXNlcjcyMTcyNjYz","avatar_url":"https://avatars.githubusercontent.com/u/72172663?v=4","gravatar_id":"","url":"https://api.github.com/users/yusufadell","html_url":"https://github.com/yusufadell","followers_url":"https://api.github.com/users/yusufadell/followers","following_url":"https://api.github.com/users/yusufadell/following{/other_user}","gists_url":"https://api.github.com/users/yusufadell/gists{/gist_id}","starred_url":"https://api.github.com/users/yusufadell/starred{/owner}{/repo}","subscriptions_url":"https://api.github.com/users/yusufadell/subscriptions","organizations_url":"https://api.github.com/users/yusufadell/orgs","repos_url":"https://api.github.com/users/yusufadell/repos","events_url":"https://api.github.com/users/yusufadell/events{/privacy}","received_events_url":"https://api.github.com/users/yusufadell/received_events","type":"User","site_admin":false,"name":"y8l","company":null,"blog":"https://yusufadell.netlify.app/","location":"Cairo,egypt","email":null,"hireable":null,"bio":"I am highly motivated and very imaginative by finding inspirations in everyday things, pushing my own boundaries and allowing myself to think out of the box.","twitter_username":"WHYUSUF_","public_repos":26,"public_gists":14,"followers":30,"following":33,"created_at":"2020-09-30T23:32:38Z","updated_at":"2022-10-29T05:58:32Z","private_gists":1,"total_private_repos":0,"owned_private_repos":0,"disk_usage":55477,"collaborators":0,"two_factor_authentication":false,"plan":{"name":"pro","space":976562499,"collaborators":0,"private_repos":9999}}
[info] 
[info] +  Success! Logged into GitHub as yusufadell 
[info] 
[debug] [2022-10-29T13:38:36.500Z] ----------------------------------------------------------------------
[debug] [2022-10-29T13:38:36.503Z] Command:       C:\Program Files\nodejs\node.exe C:\Users\Yusuf\AppData\Roaming\npm\node_modules\firebase-tools\lib\bin\firebase.js init
[debug] [2022-10-29T13:38:36.503Z] CLI Version:   11.15.0
[debug] [2022-10-29T13:38:36.503Z] Platform:      win32
[debug] [2022-10-29T13:38:36.503Z] Node Version:  v16.15.1
[debug] [2022-10-29T13:38:36.504Z] Time:          Sat Oct 29 2022 15:38:36 GMT+0200 (Eastern European Standard Time)
[debug] [2022-10-29T13:38:36.505Z] ----------------------------------------------------------------------
[debug] 
[debug] [2022-10-29T13:38:36.512Z] > command requires scopes: ["email","openid","https://www.googleapis.com/auth/cloudplatformprojects.readonly","https://www.googleapis.com/auth/firebase","https://www.googleapis.com/auth/cloud-platform"]
[debug] [2022-10-29T13:38:36.512Z] > authorizing via signed-in user (youseefadel777@gmail.com)
[info] 
     ######## #### ########  ######## ########     ###     ######  ########
     ##        ##  ##     ## ##       ##     ##  ##   ##  ##       ##
     ######    ##  ########  ######   ########  #########  ######  ######
     ##        ##  ##    ##  ##       ##     ## ##     ##       ## ##
     ##       #### ##     ## ######## ########  ##     ##  ######  ########

You're about to initialize a Firebase project in this directory:

  C:\Users\Yusuf\Desktop\WorkingON\@Code\Portfolio\devfolio

[debug] [2022-10-29T13:38:59.285Z] ----------------------------------------------------------------------
[debug] [2022-10-29T13:38:59.286Z] Command:       C:\Program Files\nodejs\node.exe C:\Users\Yusuf\AppData\Roaming\npm\node_modules\firebase-tools\lib\bin\firebase.js init
[debug] [2022-10-29T13:38:59.287Z] CLI Version:   11.15.0
[debug] [2022-10-29T13:38:59.287Z] Platform:      win32
[debug] [2022-10-29T13:38:59.287Z] Node Version:  v16.15.1
[debug] [2022-10-29T13:38:59.287Z] Time:          Sat Oct 29 2022 15:38:59 GMT+0200 (Eastern European Standard Time)
[debug] [2022-10-29T13:38:59.288Z] ----------------------------------------------------------------------
[debug] 
[debug] [2022-10-29T13:38:59.293Z] > command requires scopes: ["email","openid","https://www.googleapis.com/auth/cloudplatformprojects.readonly","https://www.googleapis.com/auth/firebase","https://www.googleapis.com/auth/cloud-platform"]
[debug] [2022-10-29T13:38:59.294Z] > authorizing via signed-in user (youseefadel777@gmail.com)
[info] 
     ######## #### ########  ######## ########     ###     ######  ########
     ##        ##  ##     ## ##       ##     ##  ##   ##  ##       ##
     ######    ##  ########  ######   ########  #########  ######  ######
     ##        ##  ##    ##  ##       ##     ## ##     ##       ## ##
     ##       #### ##     ## ######## ########  ##     ##  ######  ########

You're about to initialize a Firebase project in this directory:

  C:\Users\Yusuf\Desktop\WorkingON\@Code\Portfolio\devfolio

[info] 
=== Project Setup
[info] 
[info] First, let's associate this project directory with a Firebase project.
[info] You can create multiple project aliases by running firebase use --add, 
[info] but for now we'll just set up a default project.
[info] 
[debug] [2022-10-29T13:39:05.864Z] >>> [apiv2][query] GET https://firebase.googleapis.com/v1beta1/projects pageSize=100
[debug] [2022-10-29T13:39:06.694Z] <<< [apiv2][status] GET https://firebase.googleapis.com/v1beta1/projects 200
[debug] [2022-10-29T13:39:06.695Z] <<< [apiv2][body] GET https://firebase.googleapis.com/v1beta1/projects [omitted]
[info] i  Using project devfolio-4ea8b (devfolio) 
[info] 
=== Hosting Setup
[info] 
[info] Your public directory is the folder (relative to your project directory) that
[info] will contain Hosting assets to be uploaded with firebase deploy. If you
[info] have a build process for your assets, use your build's output directory.
[info] 
[info] +  Wrote public/404.html 
[debug] [2022-10-29T13:39:15.082Z] >>> [apiv2][query] GET https://www.gstatic.com/firebasejs/releases.json [none]
[debug] [2022-10-29T13:39:15.524Z] <<< [apiv2][status] GET https://www.gstatic.com/firebasejs/releases.json 200
[debug] [2022-10-29T13:39:15.524Z] <<< [apiv2][body] GET https://www.gstatic.com/firebasejs/releases.json {"current":{"version":"9.13.0","browserURL":"https://www.gstatic.com/firebasejs/9.13.0/firebase.js","packageURL":"https://www.gstatic.com/firebasejs/9.13.0/firebase.tgz"},"live":{"version":"9.13","browserURL":"https://www.gstatic.com/firebasejs/live/9.13/firebase.js","packageURL":"https://www.gstatic.com/firebasejs/live/9.13/firebase.tgz"},"components":{"analytics":"https://www.gstatic.com/firebasejs/9.13.0/firebase-analytics.js","app":"https://www.gstatic.com/firebasejs/9.13.0/firebase-app.js","app-check":"https://www.gstatic.com/firebasejs/9.13.0/firebase-app-check.js","auth":"https://www.gstatic.com/firebasejs/9.13.0/firebase-auth.js","auth/cordova":"https://www.gstatic.com/firebasejs/9.13.0/firebase-auth/cordova.js","auth/react-native":"https://www.gstatic.com/firebasejs/9.13.0/firebase-auth/react-native.js","functions":"https://www.gstatic.com/firebasejs/9.13.0/firebase-functions.js","firestore":"https://www.gstatic.com/firebasejs/9.13.0/firebase-firestore.js","firestore/lite":"https://www.gstatic.com/firebasejs/9.13.0/firebase-firestore/lite.js","installations":"https://www.gstatic.com/firebasejs/9.13.0/firebase-installations.js","storage":"https://www.gstatic.com/firebasejs/9.13.0/firebase-storage.js","performance":"https://www.gstatic.com/firebasejs/9.13.0/firebase-performance.js","remote-config":"https://www.gstatic.com/firebasejs/9.13.0/firebase-remote-config.js","messaging":"https://www.gstatic.com/firebasejs/9.13.0/firebase-messaging.js","messaging/sw":"https://www.gstatic.com/firebasejs/9.13.0/firebase-messaging/sw.js","database":"https://www.gstatic.com/firebasejs/9.13.0/firebase-database.js","firestore.memory":"https://www.gstatic.com/firebasejs/9.13.0/firebase-firestore.memory.js"}}
[info] i  Skipping write of public/index.html 
[info] 
[info] i  Detected a .git folder at C:\Users\Yusuf\Desktop\WorkingON\@Code\Portfolio\devfolio 
[info] i  Authorizing with GitHub to upload your service account to a GitHub repository's secrets store. 
[info] 
[info] Visit this URL on this device to log in:
[info] https://github.com/login/oauth/authorize?client_id=89cf50f02ac6aaed3484&state=611460714&redirect_uri=http%3A%2F%2Flocalhost%3A9005&scope=read%3Auser%20repo%20public_repo
[info] 
[info] Waiting for authentication...
[debug] [2022-10-29T13:39:22.503Z] >>> [apiv2][query] POST https://github.com/login/oauth/access_token [none]
[debug] [2022-10-29T13:39:22.503Z] >>> [apiv2][body] POST https://github.com/login/oauth/access_token [stream]
[debug] [2022-10-29T13:39:23.103Z] <<< [apiv2][status] POST https://github.com/login/oauth/access_token 200
[debug] [2022-10-29T13:39:23.103Z] <<< [apiv2][body] POST https://github.com/login/oauth/access_token {"access_token":"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","token_type":"bearer","scope":"read:user,repo"}
[debug] [2022-10-29T13:39:23.111Z] >>> [apiv2][query] GET https://api.github.com/user [none]
[debug] [2022-10-29T13:39:23.720Z] <<< [apiv2][status] GET https://api.github.com/user 200
[debug] [2022-10-29T13:39:23.721Z] <<< [apiv2][body] GET https://api.github.com/user {"login":"yusufadell","id":72172663,"node_id":"MDQ6VXNlcjcyMTcyNjYz","avatar_url":"https://avatars.githubusercontent.com/u/72172663?v=4","gravatar_id":"","url":"https://api.github.com/users/yusufadell","html_url":"https://github.com/yusufadell","followers_url":"https://api.github.com/users/yusufadell/followers","following_url":"https://api.github.com/users/yusufadell/following{/other_user}","gists_url":"https://api.github.com/users/yusufadell/gists{/gist_id}","starred_url":"https://api.github.com/users/yusufadell/starred{/owner}{/repo}","subscriptions_url":"https://api.github.com/users/yusufadell/subscriptions","organizations_url":"https://api.github.com/users/yusufadell/orgs","repos_url":"https://api.github.com/users/yusufadell/repos","events_url":"https://api.github.com/users/yusufadell/events{/privacy}","received_events_url":"https://api.github.com/users/yusufadell/received_events","type":"User","site_admin":false,"name":"y8l","company":null,"blog":"https://yusufadell.netlify.app/","location":"Cairo,egypt","email":null,"hireable":null,"bio":"I am highly motivated and very imaginative by finding inspirations in everyday things, pushing my own boundaries and allowing myself to think out of the box.","twitter_username":"WHYUSUF_","public_repos":26,"public_gists":14,"followers":30,"following":33,"created_at":"2020-09-30T23:32:38Z","updated_at":"2022-10-29T05:58:32Z","private_gists":1,"total_private_repos":0,"owned_private_repos":0,"disk_usage":55477,"collaborators":0,"two_factor_authentication":false,"plan":{"name":"pro","space":976562499,"collaborators":0,"private_repos":9999}}
[info] 
[info] +  Success! Logged into GitHub as yusufadell 
[info] 
